<?xml version="1.0" encoding="UTF-8"?>
<!-- Generated by org.testng.reporters.JUnitReportReporter -->
<testsuite hostname="DESKTOP-SFQQR9U" failures="0" tests="1" name="jenkins.FinalJenkins_Execution" time="0.035" errors="0" timestamp="2024-09-09T08:29:42 IST" skipped="0">
  <testcase classname="jenkins.FinalJenkins_Execution" name="executeCode" time="0.035"/>
  <system-out/>
</testsuite> <!-- jenkins.FinalJenkins_Execution -->
