<?xml version="1.0" encoding="UTF-8"?>
<!-- Generated by org.testng.reporters.JUnitReportReporter -->
<testsuite hostname="DESKTOP-SFQQR9U" failures="0" tests="1" name="jenkins.FinalJenkins_Execution" time="0.009" errors="0" timestamp="2024-09-11T08:14:23 IST" skipped="0">
  <testcase classname="jenkins.FinalJenkins_Execution" name="executeCode" time="0.009"/>
  <system-out/>
</testsuite> <!-- jenkins.FinalJenkins_Execution -->
